*** Now run 'make gdb'.
***
6828 decimal is 15254 octal!
entering test_backtrace 5
entering test_backtrace 4
entering test_backtrace 3
entering test_backtrace 2
entering test_backtrace 1
entering test_backtrace 0
Stack backtrace:
  ebp f010ff1c  eip f010007b  args 00000000 00000000 00000000 00000000 f0100968
         kern/init.c:36: test_backtrace+1
  ebp f010ff3c  eip f0100068  args 00000000 00000001 f010ff78 00000000 f0100968
         kern/init.c:35: test_backtrace+1
  ebp f010ff5c  eip f0100068  args 00000001 00000002 f010ff98 00000000 f0100968
         kern/init.c:35: test_backtrace+1
  ebp f010ff7c  eip f0100068  args 00000002 00000003 f010ffb8 00000000 f0100968
         kern/init.c:35: test_backtrace+1
  ebp f010ff9c  eip f0100068  args 00000003 00000004 00000000 00000000 00000000
         kern/init.c:35: test_backtrace+1
  ebp f010ffbc  eip f0100068  args 00000004 00000005 00000000 00010094 00010094
         kern/init.c:35: test_backtrace+1
  ebp f010ffdc  eip f01000d4  args 00000005 00001aac 00000640 00000000 00000000
         kern/init.c:45: i386_init+0
  ebp f010fffc  eip f010003e  args 00111021 00000000 00000000 00000000 00000000
         kern/entry.S:13: <unknown>+0
leaving test_backtrace 0
leaving test_backtrace 1
leaving test_backtrace 2
leaving test_backtrace 3
leaving test_backtrace 4
leaving test_backtrace 5
Welcome to the JOS kernel monitor!
Type 'help' for a list of commands.
qemu: terminating on signal 15 from pid 3938
